Start testing: Apr 28 08:17 CEST
----------------------------------------------------------
1/1 Testing: boostUnitTestsRun
1/1 Test: boostUnitTestsRun
Command: "/home/luke/Dokumenty/Code/AISDI/aisdilol/Liniowe/tests/aisdiLinearTests"
Directory: /home/luke/Dokumenty/Code/AISDI/aisdilol/Liniowe/tests
"boostUnitTestsRun" start time: Apr 28 08:17 CEST
Output:
----------------------------------------------------------
Running 372 test cases...

*** No errors detected
<end of output>
Test time =   0.03 sec
----------------------------------------------------------
Test Passed.
"boostUnitTestsRun" end time: Apr 28 08:17 CEST
"boostUnitTestsRun" time elapsed: 00:00:00
----------------------------------------------------------

End testing: Apr 28 08:17 CEST
